
          -------------------------------------------------------
          Amber 20 PMEMD                              2020
          -------------------------------------------------------

| PMEMD implementation of SANDER, Release 18

|  Compiled date/time: Thu Oct 13 11:07:13 2022
| Run on 05/23/2024 at 11:41:51

|   Executable path: /aplic/amber/amber20_gcc//bin/pmemd.MPI
| Working directory: /scratch/149604.1.iqtc07.q
|          Hostname: g10nodeb1

File Assignments:
|   MDIN: /home/cmm18/BQ/amber/min/chignolin_1_min.in                           
|  MDOUT: /scratch/149604.1.iqtc07.q/chignolin_1_min.out                        
| INPCRD: /home/cmm18/BQ/amber/min/chignolin.crd                                
|   PARM: /home/cmm18/BQ/amber/min/chignolin.top                                
| RESTRT: /scratch/149604.1.iqtc07.q/chignolin_1_min.rst                        
|   REFC: /home/cmm18/BQ/amber/min/chignolin.crd                                
|  MDVEL: /scratch/149604.1.iqtc07.q/chignolin_1_min.mdvel                      
|   MDEN: /scratch/149604.1.iqtc07.q/chignolin_1_min.mden                       
|  MDCRD: /scratch/149604.1.iqtc07.q/chignolin_1_min.nc                         
| MDINFO: /scratch/149604.1.iqtc07.q/chignolin_1_min.inf                        
|LOGFILE: /scratch/149604.1.iqtc07.q/chignolin_1_min.log                        
|  MDFRC: mdfrc                                                                 


 Here is the input file:

 Minim                                                                         
                                                                               
 &cntrl                                                                        
   imin=1, irest=0, ntx=1,                                                     
   cut=10.,                                                                    
   maxcyc=5000, ntpr=100,                                                      
   ntb=1,                                                                      
 &end                                                                          


Note: ig = -1. Setting random seed to   574931 based on wallclock time in
      microseconds and disabling the synchronization of random numbers 
      between tasks to improve performance.
| irandom = 1, using AMBER's internal random number generator (default).
 
 
| Conditional Compilation Defines Used:
| MPI
| PUBFFT
| BINTRAJ
| EMIL

| Largest sphere to fit in unit cell has radius =    23.961

| New format PARM file being parsed.
| Version =    1.000 Date = 05/21/24 Time = 12:59:37

| Note: 1-4 EEL scale factors are being read from the topology file.

| Note: 1-4 VDW scale factors are being read from the topology file.
| Duplicated    0 dihedrals

| Duplicated    0 dihedrals

--------------------------------------------------------------------------------
   1.  RESOURCE   USE: 
--------------------------------------------------------------------------------

 getting new box info from bottom of inpcrd
 NATOM  =   12603 NTYPES =      16 NBONH =   12520 MBONA  =      84
 NTHETH =     153 MTHETA =     115 NPHIH =     321 MPHIA  =     345
 NHPARM =       0 NPARM  =       0 NNB   =   17410 NRES   =    4163
 NBONA  =      84 NTHETA =     115 NPHIA =     345 NUMBND =      45
 NUMANG =      92 NPTRA  =     112 NATYP =      28 NPHB   =       1
 IFBOX  =       1 NMXRS  =      24 IFCAP =       0 NEXTRA =       0
 NCOPY  =       0

| Coordinate Index Table dimensions:    11    7    8
| Direct force subcell size =     6.1078    6.8459    6.7160

     BOX TYPE: RECTILINEAR

--------------------------------------------------------------------------------
   2.  CONTROL  DATA  FOR  THE  RUN
--------------------------------------------------------------------------------

NGLY                                                                            

General flags:
     imin    =       1, nmropt  =       0

Nature and format of input:
     ntx     =       1, irest   =       0, ntrx    =       1

Nature and format of output:
     ntxo    =       2, ntpr    =     100, ntrx    =       1, ntwr    =       1
     iwrap   =       0, ntwx    =       0, ntwv    =       0, ntwe    =       0
     ioutfm  =       1, ntwprt  =       0, idecomp =       0, rbornstat=      0

Potential function:
     ntf     =       1, ntb     =       1, igb     =       0, nsnb    =      25
     ipol    =       0, gbsa    =       0, iesp    =       0
     dielc   =   1.00000, cut     =  10.00000, intdiel =   1.00000

Frozen or restrained atoms:
     ibelly  =       0, ntr     =       0

Energy minimization:
     maxcyc  =    5000, ncyc    =      10, ntmin   =       1
     dx0     =   0.01000, drms    =   0.00010

| Intermolecular bonds treatment:
|     no_intermolecular_bonds =       1

| Energy averages sample interval:
|     ene_avg_sampling =       1

Ewald parameters:
     verbose =       0, ew_type =       0, nbflag  =       1, use_pme =       1
     vdwmeth =       1, eedmeth =       1, netfrc  =       0
     Box X =   67.185   Box Y =   47.921   Box Z =   53.728
     Alpha =   90.000   Beta  =   90.000   Gamma =   90.000
     NFFT1 =   72       NFFT2 =   48       NFFT3 =   54
     Cutoff=   10.000   Tol   =0.100E-04
     Ewald Coefficient =  0.27511
     Interpolation order =    4

| PMEMD ewald parallel performance parameters:
|     block_fft =    0
|     fft_blk_y_divisor =    2
|     excl_recip =    0
|     excl_master =    0
|     atm_redist_freq =  320

--------------------------------------------------------------------------------
   3.  ATOMIC COORDINATES AND VELOCITIES
--------------------------------------------------------------------------------

NGLY                                                                            
 begin time read from input coords =     0.000 ps

 
 Number of triangulated 3-point waters found:     4151

     Sum of charges from parm topology file =  -0.00000001
     Forcing neutrality...

| Dynamic Memory, Types Used:
| Reals              573636
| Integers           502010

| Nonbonded Pairs Initial Allocation:     1234463

| Running AMBER/MPI version on    4 MPI task

 
--------------------------------------------------------------------------------
   4.  RESULTS
--------------------------------------------------------------------------------

 ---------------------------------------------------
 APPROXIMATING switch and d/dx switch using CUBIC SPLINE INTERPOLATION
 using   5000.0 points per unit in tabled values
 TESTING RELATIVE ERROR over r ranging from 0.0 to cutoff
| CHECK switch(x): max rel err =   0.2738E-14   at   2.422500
| CHECK d/dx switch(x): max rel err =   0.8314E-11   at   2.736960
 ---------------------------------------------------
|---------------------------------------------------
| APPROXIMATING direct energy using CUBIC SPLINE INTERPOLATION
|  with   50.0 points per unit in tabled values
| Relative Error Limit not exceeded for r .gt.   2.33
| APPROXIMATING direct force using CUBIC SPLINE INTERPOLATION
|  with   50.0 points per unit in tabled values
| Relative Error Limit not exceeded for r .gt.   2.80
|---------------------------------------------------


   NSTEP       ENERGY          RMS            GMAX         NAME    NUMBER
      1       5.2401E+05     5.2620E+04     6.5403E+06     HD2        45

 BOND    =       12.1761  ANGLE   =       18.9709  DIHED      =      107.4863
 VDWAALS =   562906.2856  EEL     =   -39650.4020  HBOND      =        0.0000
 1-4 VDW =       52.7772  1-4 EEL =      558.0844  RESTRAINT  =        0.0000


   NSTEP       ENERGY          RMS            GMAX         NAME    NUMBER
    100      -4.4847E+04     2.4314E+00     1.4932E+02     C         146

 BOND    =     2721.4428  ANGLE   =       48.9029  DIHED      =      118.4423
 VDWAALS =     5722.9357  EEL     =   -54030.6923  HBOND      =        0.0000
 1-4 VDW =       29.7184  1-4 EEL =      542.0945  RESTRAINT  =        0.0000


   NSTEP       ENERGY          RMS            GMAX         NAME    NUMBER
    200      -4.6766E+04     1.7572E+00     7.4564E+01     CG         38

 BOND    =     3190.0416  ANGLE   =       37.3721  DIHED      =      108.7048
 VDWAALS =     7252.0992  EEL     =   -57928.3683  HBOND      =        0.0000
 1-4 VDW =       29.7717  1-4 EEL =      544.2689  RESTRAINT  =        0.0000


   NSTEP       ENERGY          RMS            GMAX         NAME    NUMBER
    300      -4.7731E+04     1.2863E+00     4.0072E+01     CA        119

 BOND    =     3376.7124  ANGLE   =       29.8410  DIHED      =      104.4354
 VDWAALS =     8098.7350  EEL     =   -59915.1551  HBOND      =        0.0000
 1-4 VDW =       29.6634  1-4 EEL =      544.6141  RESTRAINT  =        0.0000


   NSTEP       ENERGY          RMS            GMAX         NAME    NUMBER
    400      -4.8362E+04     1.0992E+00     3.3419E+01     NE1       127

 BOND    =     3501.8886  ANGLE   =       26.0189  DIHED      =      101.8359
 VDWAALS =     8669.0788  EEL     =   -61234.2271  HBOND      =        0.0000
 1-4 VDW =       29.4659  1-4 EEL =      544.3576  RESTRAINT  =        0.0000


   NSTEP       ENERGY          RMS            GMAX         NAME    NUMBER
    500      -4.8831E+04     9.7809E-01     3.0592E+01     NE1       127

 BOND    =     3597.0437  ANGLE   =       23.7710  DIHED      =      100.6503
 VDWAALS =     9091.4056  EEL     =   -62216.7240  HBOND      =        0.0000
 1-4 VDW =       29.3288  1-4 EEL =      543.9227  RESTRAINT  =        0.0000


   NSTEP       ENERGY          RMS            GMAX         NAME    NUMBER
    600      -4.9214E+04     8.3438E-01     2.8054E+01     NE1       127

 BOND    =     3674.2409  ANGLE   =       20.8637  DIHED      =       99.9729
 VDWAALS =     9429.5128  EEL     =   -63011.7836  HBOND      =        0.0000
 1-4 VDW =       29.3151  1-4 EEL =      543.5487  RESTRAINT  =        0.0000


   NSTEP       ENERGY          RMS            GMAX         NAME    NUMBER
    700      -4.9583E+04     6.6442E-01     1.9614E+01     CA        119

 BOND    =     3761.1545  ANGLE   =       21.1967  DIHED      =       99.7865
 VDWAALS =     9853.9138  EEL     =   -63892.8878  HBOND      =        0.0000
 1-4 VDW =       29.7416  1-4 EEL =      543.7358  RESTRAINT  =        0.0000


   NSTEP       ENERGY          RMS            GMAX         NAME    NUMBER
    800      -4.9882E+04     5.9666E-01     1.9424E+01     CA        119

 BOND    =     3827.9156  ANGLE   =       20.5161  DIHED      =       99.3325
 VDWAALS =    10128.1892  EEL     =   -64530.8289  HBOND      =        0.0000
 1-4 VDW =       29.4834  1-4 EEL =      543.5447  RESTRAINT  =        0.0000


   NSTEP       ENERGY          RMS            GMAX         NAME    NUMBER
    900      -5.0231E+04     5.1112E-01     1.6393E+01     CB         35

 BOND    =     3903.7981  ANGLE   =       20.1668  DIHED      =       99.9248
 VDWAALS =    10464.5542  EEL     =   -65291.4525  HBOND      =        0.0000
 1-4 VDW =       28.6488  1-4 EEL =      543.1513  RESTRAINT  =        0.0000


   NSTEP       ENERGY          RMS            GMAX         NAME    NUMBER
   1000      -5.0512E+04     5.9145E-01     1.6418E+01     C          41

 BOND    =     3959.2809  ANGLE   =       22.4751  DIHED      =      101.8706
 VDWAALS =    10744.4281  EEL     =   -65913.8611  HBOND      =        0.0000
 1-4 VDW =       28.6123  1-4 EEL =      545.4758  RESTRAINT  =        0.0000


   NSTEP       ENERGY          RMS            GMAX         NAME    NUMBER
   1100      -5.0686E+04     5.1995E-01     1.7193E+01     C          41

 BOND    =     3996.9141  ANGLE   =       20.1357  DIHED      =      101.4800
 VDWAALS =    10880.2649  EEL     =   -66258.1473  HBOND      =        0.0000
 1-4 VDW =       28.7796  1-4 EEL =      544.9945  RESTRAINT  =        0.0000


   NSTEP       ENERGY          RMS            GMAX         NAME    NUMBER
   1200      -5.0842E+04     5.4225E-01     1.8942E+01     C          41

 BOND    =     4027.9991  ANGLE   =       18.3306  DIHED      =      101.3111
 VDWAALS =    11007.0404  EEL     =   -66570.9237  HBOND      =        0.0000
 1-4 VDW =       28.8778  1-4 EEL =      545.1362  RESTRAINT  =        0.0000


   NSTEP       ENERGY          RMS            GMAX         NAME    NUMBER
   1300      -5.1026E+04     7.0892E-01     1.7067E+01     C          41

 BOND    =     4076.2887  ANGLE   =       18.5722  DIHED      =      101.2332
 VDWAALS =    11204.5325  EEL     =   -67000.7711  HBOND      =        0.0000
 1-4 VDW =       29.3529  1-4 EEL =      545.1290  RESTRAINT  =        0.0000


   NSTEP       ENERGY          RMS            GMAX         NAME    NUMBER
   1400      -5.1204E+04     4.1799E-01     2.0183E+01     CD         67

 BOND    =     4096.3175  ANGLE   =       17.5279  DIHED      =      100.9092
 VDWAALS =    11311.5572  EEL     =   -67304.7238  HBOND      =        0.0000
 1-4 VDW =       29.2039  1-4 EEL =      545.4222  RESTRAINT  =        0.0000


   NSTEP       ENERGY          RMS            GMAX         NAME    NUMBER
   1500      -5.1299E+04     5.2018E-01     2.0296E+01     CG        124

 BOND    =     4120.3242  ANGLE   =       19.0310  DIHED      =      101.2636
 VDWAALS =    11406.6377  EEL     =   -67521.6562  HBOND      =        0.0000
 1-4 VDW =       29.3782  1-4 EEL =      545.6955  RESTRAINT  =        0.0000


   NSTEP       ENERGY          RMS            GMAX         NAME    NUMBER
   1600      -5.1407E+04     5.1212E-01     1.7979E+01     CG         38

 BOND    =     4140.2535  ANGLE   =       20.3645  DIHED      =      101.0703
 VDWAALS =    11493.5199  EEL     =   -67737.5923  HBOND      =        0.0000
 1-4 VDW =       29.6279  1-4 EEL =      545.7135  RESTRAINT  =        0.0000


   NSTEP       ENERGY          RMS            GMAX         NAME    NUMBER
   1700      -5.1496E+04     5.6384E-01     3.3937E+01     CG         38

 BOND    =     4157.0056  ANGLE   =       20.0292  DIHED      =      100.7094
 VDWAALS =    11574.1611  EEL     =   -67923.5425  HBOND      =        0.0000
 1-4 VDW =       29.6765  1-4 EEL =      546.0301  RESTRAINT  =        0.0000


   NSTEP       ENERGY          RMS            GMAX         NAME    NUMBER
   1800      -5.1577E+04     4.2901E-01     1.3293E+01     CD1        18

 BOND    =     4172.0793  ANGLE   =       18.6271  DIHED      =      100.1450
 VDWAALS =    11646.1857  EEL     =   -68090.3903  HBOND      =        0.0000
 1-4 VDW =       29.6031  1-4 EEL =      546.6127  RESTRAINT  =        0.0000


   NSTEP       ENERGY          RMS            GMAX         NAME    NUMBER
   1900      -5.1634E+04     3.7384E-01     1.2510E+01     OE2        69

 BOND    =     4184.0894  ANGLE   =       18.8472  DIHED      =       99.6945
 VDWAALS =    11703.2966  EEL     =   -68216.1973  HBOND      =        0.0000
 1-4 VDW =       29.5126  1-4 EEL =      546.6795  RESTRAINT  =        0.0000


   NSTEP       ENERGY          RMS            GMAX         NAME    NUMBER
   2000      -5.1687E+04     2.8661E-01     9.7578E+00     CE3       136

 BOND    =     4193.3908  ANGLE   =       17.5067  DIHED      =       99.2861
 VDWAALS =    11751.1033  EEL     =   -68324.9103  HBOND      =        0.0000
 1-4 VDW =       29.4302  1-4 EEL =      546.6959  RESTRAINT  =        0.0000


   NSTEP       ENERGY          RMS            GMAX         NAME    NUMBER
   2100      -5.1738E+04     2.9193E-01     8.0173E+00     OE2        69

 BOND    =     4204.2814  ANGLE   =       17.6196  DIHED      =       99.1102
 VDWAALS =    11803.3233  EEL     =   -68438.4095  HBOND      =        0.0000
 1-4 VDW =       29.3991  1-4 EEL =      546.7047  RESTRAINT  =        0.0000


   NSTEP       ENERGY          RMS            GMAX         NAME    NUMBER
   2200      -5.1800E+04     3.2597E-01     2.0427E+01     CG         38

 BOND    =     4218.8869  ANGLE   =       17.5769  DIHED      =       98.8705
 VDWAALS =    11863.9833  EEL     =   -68575.8841  HBOND      =        0.0000
 1-4 VDW =       29.3594  1-4 EEL =      546.7100  RESTRAINT  =        0.0000


   NSTEP       ENERGY          RMS            GMAX         NAME    NUMBER
   2300      -5.1842E+04     2.9324E-01     1.3073E+01     CG         38

 BOND    =     4228.8073  ANGLE   =       17.4535  DIHED      =       98.6852
 VDWAALS =    11913.4259  EEL     =   -68676.8407  HBOND      =        0.0000
 1-4 VDW =       29.3013  1-4 EEL =      546.7246  RESTRAINT  =        0.0000


   NSTEP       ENERGY          RMS            GMAX         NAME    NUMBER
   2400      -5.1883E+04     2.7413E-01     1.2407E+01     H2       7443

 BOND    =     4236.7982  ANGLE   =       17.5729  DIHED      =       98.5032
 VDWAALS =    11966.6319  EEL     =   -68778.6167  HBOND      =        0.0000
 1-4 VDW =       29.3291  1-4 EEL =      546.8445  RESTRAINT  =        0.0000


   NSTEP       ENERGY          RMS            GMAX         NAME    NUMBER
   2500      -5.1929E+04     3.9974E-01     1.5408E+01     OE1        68

 BOND    =     4257.2764  ANGLE   =       17.2282  DIHED      =       98.8261
 VDWAALS =    12010.0753  EEL     =   -68888.3696  HBOND      =        0.0000
 1-4 VDW =       29.2293  1-4 EEL =      546.6778  RESTRAINT  =        0.0000


   NSTEP       ENERGY          RMS            GMAX         NAME    NUMBER
   2600      -5.1973E+04     4.3191E-01     2.3862E+01     CD         67

 BOND    =     4255.6307  ANGLE   =       17.9360  DIHED      =       98.0341
 VDWAALS =    12055.1370  EEL     =   -68975.3817  HBOND      =        0.0000
 1-4 VDW =       29.2505  1-4 EEL =      546.7219  RESTRAINT  =        0.0000


   NSTEP       ENERGY          RMS            GMAX         NAME    NUMBER
   2700      -5.2009E+04     1.9708E-01     6.6714E+00     CG         47

 BOND    =     4260.3919  ANGLE   =       17.5232  DIHED      =       97.1799
 VDWAALS =    12082.9859  EEL     =   -69043.6836  HBOND      =        0.0000
 1-4 VDW =       29.3245  1-4 EEL =      547.0697  RESTRAINT  =        0.0000


   NSTEP       ENERGY          RMS            GMAX         NAME    NUMBER
   2800      -5.2038E+04     2.0598E-01     8.0097E+00     CG         64

 BOND    =     4265.9446  ANGLE   =       17.7313  DIHED      =       96.8982
 VDWAALS =    12110.8971  EEL     =   -69105.9663  HBOND      =        0.0000
 1-4 VDW =       29.3773  1-4 EEL =      547.5876  RESTRAINT  =        0.0000


   NSTEP       ENERGY          RMS            GMAX         NAME    NUMBER
   2900      -5.2061E+04     2.0379E-01     8.7092E+00     CB         61

 BOND    =     4272.1192  ANGLE   =       17.7903  DIHED      =       96.7161
 VDWAALS =    12143.2215  EEL     =   -69167.7891  HBOND      =        0.0000
 1-4 VDW =       29.3773  1-4 EEL =      547.8618  RESTRAINT  =        0.0000


   NSTEP       ENERGY          RMS            GMAX         NAME    NUMBER
   3000      -5.2084E+04     1.8136E-01     4.7698E+00     CG         17

 BOND    =     4280.6538  ANGLE   =       17.9221  DIHED      =       96.3676
 VDWAALS =    12178.4188  EEL     =   -69234.5995  HBOND      =        0.0000
 1-4 VDW =       29.4700  1-4 EEL =      547.6516  RESTRAINT  =        0.0000


   NSTEP       ENERGY          RMS            GMAX         NAME    NUMBER
   3100      -5.2112E+04     2.3944E-01     8.5494E+00     O        4450

 BOND    =     4284.8812  ANGLE   =       18.0653  DIHED      =       96.2473
 VDWAALS =    12212.4578  EEL     =   -69300.0321  HBOND      =        0.0000
 1-4 VDW =       29.4408  1-4 EEL =      547.3081  RESTRAINT  =        0.0000


   NSTEP       ENERGY          RMS            GMAX         NAME    NUMBER
   3200      -5.2136E+04     2.3666E-01     1.2069E+01     CG         64

 BOND    =     4296.4334  ANGLE   =       17.5788  DIHED      =       96.2234
 VDWAALS =    12239.0005  EEL     =   -69362.5663  HBOND      =        0.0000
 1-4 VDW =       29.3826  1-4 EEL =      547.4546  RESTRAINT  =        0.0000


   NSTEP       ENERGY          RMS            GMAX         NAME    NUMBER
   3300      -5.2158E+04     2.1699E-01     1.1948E+01     CG         64

 BOND    =     4295.8172  ANGLE   =       17.8085  DIHED      =       96.2394
 VDWAALS =    12253.2118  EEL     =   -69397.2009  HBOND      =        0.0000
 1-4 VDW =       29.3199  1-4 EEL =      547.1637  RESTRAINT  =        0.0000


   NSTEP       ENERGY          RMS            GMAX         NAME    NUMBER
   3400      -5.2184E+04     2.3254E-01     8.7890E+00     CG         64

 BOND    =     4299.9534  ANGLE   =       17.8827  DIHED      =       96.3322
 VDWAALS =    12268.6002  EEL     =   -69442.5160  HBOND      =        0.0000
 1-4 VDW =       29.1922  1-4 EEL =      546.9600  RESTRAINT  =        0.0000


   NSTEP       ENERGY          RMS            GMAX         NAME    NUMBER
   3500      -5.2207E+04     1.9858E-01     6.7742E+00     CG         47

 BOND    =     4303.3714  ANGLE   =       17.8465  DIHED      =       96.4717
 VDWAALS =    12286.7937  EEL     =   -69486.9581  HBOND      =        0.0000
 1-4 VDW =       29.0546  1-4 EEL =      546.6114  RESTRAINT  =        0.0000


   NSTEP       ENERGY          RMS            GMAX         NAME    NUMBER
   3600      -5.2248E+04     2.5181E-01     9.7117E+00     CB         61

 BOND    =     4312.0801  ANGLE   =       18.3259  DIHED      =       96.5055
 VDWAALS =    12325.0667  EEL     =   -69575.0501  HBOND      =        0.0000
 1-4 VDW =       29.1183  1-4 EEL =      545.7012  RESTRAINT  =        0.0000


   NSTEP       ENERGY          RMS            GMAX         NAME    NUMBER
   3700      -5.2273E+04     1.8275E-01     7.2333E+00     CB         61

 BOND    =     4315.4800  ANGLE   =       18.2404  DIHED      =       96.4012
 VDWAALS =    12341.1601  EEL     =   -69619.0250  HBOND      =        0.0000
 1-4 VDW =       29.0848  1-4 EEL =      545.4438  RESTRAINT  =        0.0000


   NSTEP       ENERGY          RMS            GMAX         NAME    NUMBER
   3800      -5.2291E+04     1.8733E-01     1.0882E+01     CG         38

 BOND    =     4318.2944  ANGLE   =       18.6804  DIHED      =       96.3020
 VDWAALS =    12357.7516  EEL     =   -69656.4640  HBOND      =        0.0000
 1-4 VDW =       29.0558  1-4 EEL =      544.8956  RESTRAINT  =        0.0000


   NSTEP       ENERGY          RMS            GMAX         NAME    NUMBER
   3900      -5.2315E+04     2.5937E-01     8.5154E+00     C         146

 BOND    =     4325.5668  ANGLE   =       19.3513  DIHED      =       96.3652
 VDWAALS =    12384.3196  EEL     =   -69714.9741  HBOND      =        0.0000
 1-4 VDW =       29.1336  1-4 EEL =      544.9681  RESTRAINT  =        0.0000


   NSTEP       ENERGY          RMS            GMAX         NAME    NUMBER
   4000      -5.2331E+04     1.7141E-01     6.1573E+00     C         146

 BOND    =     4330.2059  ANGLE   =       18.5773  DIHED      =       96.0668
 VDWAALS =    12403.4968  EEL     =   -69753.4251  HBOND      =        0.0000
 1-4 VDW =       29.1380  1-4 EEL =      545.2664  RESTRAINT  =        0.0000


   NSTEP       ENERGY          RMS            GMAX         NAME    NUMBER
   4100      -5.2343E+04     1.5612E-01     4.6096E+00     CB         76

 BOND    =     4333.1178  ANGLE   =       18.5275  DIHED      =       95.8837
 VDWAALS =    12416.6855  EEL     =   -69781.6941  HBOND      =        0.0000
 1-4 VDW =       29.1471  1-4 EEL =      545.3017  RESTRAINT  =        0.0000


   NSTEP       ENERGY          RMS            GMAX         NAME    NUMBER
   4200      -5.2360E+04     1.4488E-01     4.6294E+00     CB         76

 BOND    =     4336.2098  ANGLE   =       18.3617  DIHED      =       95.7334
 VDWAALS =    12424.8542  EEL     =   -69809.5724  HBOND      =        0.0000
 1-4 VDW =       29.0927  1-4 EEL =      545.2512  RESTRAINT  =        0.0000


   NSTEP       ENERGY          RMS            GMAX         NAME    NUMBER
   4300      -5.2374E+04     3.5661E-01     2.3482E+01     C         146

 BOND    =     4339.4073  ANGLE   =       18.4925  DIHED      =       95.7405
 VDWAALS =    12438.8801  EEL     =   -69840.2369  HBOND      =        0.0000
 1-4 VDW =       29.0115  1-4 EEL =      544.9764  RESTRAINT  =        0.0000


   NSTEP       ENERGY          RMS            GMAX         NAME    NUMBER
   4400      -5.2387E+04     9.8147E-02     3.4477E+00     C         139

 BOND    =     4340.6893  ANGLE   =       18.3726  DIHED      =       95.2829
 VDWAALS =    12447.7051  EEL     =   -69863.2220  HBOND      =        0.0000
 1-4 VDW =       28.8515  1-4 EEL =      544.8800  RESTRAINT  =        0.0000


   NSTEP       ENERGY          RMS            GMAX         NAME    NUMBER
   4500      -5.2401E+04     1.0215E-01     5.0698E+00     CG         38

 BOND    =     4343.5682  ANGLE   =       18.8748  DIHED      =       95.0522
 VDWAALS =    12456.7411  EEL     =   -69889.1403  HBOND      =        0.0000
 1-4 VDW =       28.8028  1-4 EEL =      545.0049  RESTRAINT  =        0.0000


   NSTEP       ENERGY          RMS            GMAX         NAME    NUMBER
   4600      -5.2414E+04     8.8705E-02     3.4400E+00     N          31

 BOND    =     4344.3474  ANGLE   =       18.7029  DIHED      =       94.9145
 VDWAALS =    12465.7069  EEL     =   -69911.6070  HBOND      =        0.0000
 1-4 VDW =       28.8930  1-4 EEL =      545.0328  RESTRAINT  =        0.0000


   NSTEP       ENERGY          RMS            GMAX         NAME    NUMBER
   4700      -5.2429E+04     5.9775E-02     1.7513E+00     CE         97

 BOND    =     4346.6006  ANGLE   =       18.3132  DIHED      =       94.7569
 VDWAALS =    12480.1916  EEL     =   -69942.2782  HBOND      =        0.0000
 1-4 VDW =       28.9192  1-4 EEL =      544.9838  RESTRAINT  =        0.0000


   NSTEP       ENERGY          RMS            GMAX         NAME    NUMBER
   4800      -5.2442E+04     8.7591E-02     2.7959E+00     CD         67

 BOND    =     4350.9015  ANGLE   =       18.1790  DIHED      =       94.6400
 VDWAALS =    12494.3321  EEL     =   -69973.5760  HBOND      =        0.0000
 1-4 VDW =       28.9209  1-4 EEL =      544.9070  RESTRAINT  =        0.0000


   NSTEP       ENERGY          RMS            GMAX         NAME    NUMBER
   4900      -5.2460E+04     7.7815E-02     2.8372E+00     CD1       125

 BOND    =     4354.7990  ANGLE   =       17.8708  DIHED      =       94.4717
 VDWAALS =    12516.2502  EEL     =   -70016.8878  HBOND      =        0.0000
 1-4 VDW =       28.9334  1-4 EEL =      544.8498  RESTRAINT  =        0.0000


   NSTEP       ENERGY          RMS            GMAX         NAME    NUMBER
   5000      -5.2476E+04     8.5836E-02     3.4423E+00     CD         67

 BOND    =     4358.9827  ANGLE   =       17.8507  DIHED      =       94.3928
 VDWAALS =    12536.5865  EEL     =   -70057.3464  HBOND      =        0.0000
 1-4 VDW =       28.8792  1-4 EEL =      544.5903  RESTRAINT  =        0.0000


  Maximum number of minimization cycles reached.


                    FINAL RESULTS



   NSTEP       ENERGY          RMS            GMAX         NAME    NUMBER
   5000      -5.2476E+04     8.5836E-02     3.4423E+00     CD         67

 BOND    =     4358.9827  ANGLE   =       17.8507  DIHED      =       94.3928
 VDWAALS =    12536.5865  EEL     =   -70057.3464  HBOND      =        0.0000
 1-4 VDW =       28.8792  1-4 EEL =      544.5903  RESTRAINT  =        0.0000
--------------------------------------------------------------------------------
   5.  TIMINGS
--------------------------------------------------------------------------------

|  NonSetup CPU Time in Major Routines, Average for All Tasks:
|
|     Routine           Sec        %
|     ------------------------------
|     DataDistrib       5.92    5.55
|     Nonbond          99.91   93.71
|     Bond              0.22    0.20
|     Angle             0.04    0.03
|     Dihedral          0.20    0.18
|     Shake             0.00    0.00
|     Other             0.34    0.32
|     ------------------------------
|     Total           106.63

|  PME Nonbond Pairlist CPU Time, Average for All Tasks:
|
|     Routine              Sec        %
|     ---------------------------------
|     Set Up Cit           0.05    0.05
|     Build List           2.47    2.31
|     ---------------------------------
|     Total                2.52    2.36

|  PME Direct Force CPU Time, Average for All Tasks:
|
|     Routine              Sec        %
|     ---------------------------------
|     NonBonded Calc      79.22   74.30
|     Exclude Masked       0.52    0.49
|     Other                0.82    0.77
|     ---------------------------------
|     Total               80.56   75.55

|  PME Reciprocal Force CPU Time, Average for All Tasks:
|
|     Routine              Sec        %
|     ---------------------------------
|     1D bspline           1.12    1.05
|     Grid Charges         1.62    1.52
|     Scalar Sum           1.99    1.87
|     Gradient Sum         2.21    2.07
|     FFT                  9.70    9.10
|     ---------------------------------
|     Total               16.64   15.60

|  PME Load Balancing CPU Time, Average for All Tasks:
|
|     Routine                 Sec        %
|     ------------------------------------
|     Atom Reassign           0.00    0.00
|     Image Reassign          0.00    0.00
|     FFT Reassign            0.00    0.00
|     ------------------------------------
|     Total                   0.00    0.00

|  Master Setup CPU time:            0.10 seconds
|  Master NonSetup CPU time:       106.63 seconds
|  Master Total CPU time:          106.73 seconds     0.03 hours

|  Master Setup wall time:           1    seconds
|  Master NonSetup wall time:      106    seconds
|  Master Total wall time:         107    seconds     0.03 hours
