
          -------------------------------------------------------
          Amber 20 PMEMD                              2020
          -------------------------------------------------------

| PMEMD implementation of SANDER, Release 18

|  Compiled date/time: Thu Oct 13 11:07:13 2022
| Run on 05/23/2024 at 11:43:38

|   Executable path: /aplic/amber/amber20_gcc//bin/pmemd.MPI
| Working directory: /scratch/149604.1.iqtc07.q
|          Hostname: g10nodeb1

File Assignments:
|   MDIN: /home/cmm18/BQ/amber/min/chignolin_2_min.in                           
|  MDOUT: /scratch/149604.1.iqtc07.q/chignolin_2_min.out                        
| INPCRD: /home/cmm18/BQ/amber/min/chignolin_1_min.rst                          
|   PARM: /home/cmm18/BQ/amber/min/chignolin.top                                
| RESTRT: /scratch/149604.1.iqtc07.q/chignolin_2_min.rst                        
|   REFC: /home/cmm18/BQ/amber/min/chignolin_1_min.rst                          
|  MDVEL: /scratch/149604.1.iqtc07.q/chignolin_2_min.mdvel                      
|   MDEN: /scratch/149604.1.iqtc07.q/chignolin_2_min.mden                       
|  MDCRD: /scratch/149604.1.iqtc07.q/chignolin_2_min.nc                         
| MDINFO: /scratch/149604.1.iqtc07.q/chignolin_2_min.inf                        
|LOGFILE: /scratch/149604.1.iqtc07.q/chignolin_2_min.log                        
|  MDFRC: mdfrc                                                                 


 Here is the input file:

 Minim                                                                         
                                                                               
 &cntrl                                                                        
   imin=1, irest=0, ntx=1,                                                     
   cut=10.,                                                                    
   maxcyc=5000, ntpr=100,                                                      
   ntb=1,                                                                      
 &end                                                                          


Note: ig = -1. Setting random seed to   987749 based on wallclock time in
      microseconds and disabling the synchronization of random numbers 
      between tasks to improve performance.
| irandom = 1, using AMBER's internal random number generator (default).
 
 
| Conditional Compilation Defines Used:
| MPI
| PUBFFT
| BINTRAJ
| EMIL

| Largest sphere to fit in unit cell has radius =    23.961

| New format PARM file being parsed.
| Version =    1.000 Date = 05/21/24 Time = 12:59:37

| Note: 1-4 EEL scale factors are being read from the topology file.

| Note: 1-4 VDW scale factors are being read from the topology file.
| Duplicated    0 dihedrals

| Duplicated    0 dihedrals

--------------------------------------------------------------------------------
   1.  RESOURCE   USE: 
--------------------------------------------------------------------------------

 getting box info from netcdf restart file
 NATOM  =   12603 NTYPES =      16 NBONH =   12520 MBONA  =      84
 NTHETH =     153 MTHETA =     115 NPHIH =     321 MPHIA  =     345
 NHPARM =       0 NPARM  =       0 NNB   =   17410 NRES   =    4163
 NBONA  =      84 NTHETA =     115 NPHIA =     345 NUMBND =      45
 NUMANG =      92 NPTRA  =     112 NATYP =      28 NPHB   =       1
 IFBOX  =       1 NMXRS  =      24 IFCAP =       0 NEXTRA =       0
 NCOPY  =       0

| Coordinate Index Table dimensions:    11    7    8
| Direct force subcell size =     6.1078    6.8459    6.7160

     BOX TYPE: RECTILINEAR

--------------------------------------------------------------------------------
   2.  CONTROL  DATA  FOR  THE  RUN
--------------------------------------------------------------------------------

NGLY                                                                            

General flags:
     imin    =       1, nmropt  =       0

Nature and format of input:
     ntx     =       1, irest   =       0, ntrx    =       1

Nature and format of output:
     ntxo    =       2, ntpr    =     100, ntrx    =       1, ntwr    =       1
     iwrap   =       0, ntwx    =       0, ntwv    =       0, ntwe    =       0
     ioutfm  =       1, ntwprt  =       0, idecomp =       0, rbornstat=      0

Potential function:
     ntf     =       1, ntb     =       1, igb     =       0, nsnb    =      25
     ipol    =       0, gbsa    =       0, iesp    =       0
     dielc   =   1.00000, cut     =  10.00000, intdiel =   1.00000

Frozen or restrained atoms:
     ibelly  =       0, ntr     =       0

Energy minimization:
     maxcyc  =    5000, ncyc    =      10, ntmin   =       1
     dx0     =   0.01000, drms    =   0.00010

| Intermolecular bonds treatment:
|     no_intermolecular_bonds =       1

| Energy averages sample interval:
|     ene_avg_sampling =       1

Ewald parameters:
     verbose =       0, ew_type =       0, nbflag  =       1, use_pme =       1
     vdwmeth =       1, eedmeth =       1, netfrc  =       0
     Box X =   67.185   Box Y =   47.921   Box Z =   53.728
     Alpha =   90.000   Beta  =   90.000   Gamma =   90.000
     NFFT1 =   72       NFFT2 =   48       NFFT3 =   54
     Cutoff=   10.000   Tol   =0.100E-04
     Ewald Coefficient =  0.27511
     Interpolation order =    4

| PMEMD ewald parallel performance parameters:
|     block_fft =    0
|     fft_blk_y_divisor =    2
|     excl_recip =    0
|     excl_master =    0
|     atm_redist_freq =  320

--------------------------------------------------------------------------------
   3.  ATOMIC COORDINATES AND VELOCITIES
--------------------------------------------------------------------------------

NGLY                                                                            
 begin time read from input coords =     0.000 ps

 
 Number of triangulated 3-point waters found:     4151

     Sum of charges from parm topology file =  -0.00000001
     Forcing neutrality...

| Dynamic Memory, Types Used:
| Reals              573636
| Integers           503125

| Nonbonded Pairs Initial Allocation:     1234463

| Running AMBER/MPI version on    4 MPI task

 
--------------------------------------------------------------------------------
   4.  RESULTS
--------------------------------------------------------------------------------

 ---------------------------------------------------
 APPROXIMATING switch and d/dx switch using CUBIC SPLINE INTERPOLATION
 using   5000.0 points per unit in tabled values
 TESTING RELATIVE ERROR over r ranging from 0.0 to cutoff
| CHECK switch(x): max rel err =   0.2738E-14   at   2.422500
| CHECK d/dx switch(x): max rel err =   0.8314E-11   at   2.736960
 ---------------------------------------------------
|---------------------------------------------------
| APPROXIMATING direct energy using CUBIC SPLINE INTERPOLATION
|  with   50.0 points per unit in tabled values
| Relative Error Limit not exceeded for r .gt.   2.33
| APPROXIMATING direct force using CUBIC SPLINE INTERPOLATION
|  with   50.0 points per unit in tabled values
| Relative Error Limit not exceeded for r .gt.   2.80
|---------------------------------------------------


   NSTEP       ENERGY          RMS            GMAX         NAME    NUMBER
      1      -5.2476E+04     8.5836E-02     3.4423E+00     CD         67

 BOND    =     4358.9827  ANGLE   =       17.8507  DIHED      =       94.3928
 VDWAALS =    12536.5865  EEL     =   -70057.3464  HBOND      =        0.0000
 1-4 VDW =       28.8792  1-4 EEL =      544.5903  RESTRAINT  =        0.0000


   NSTEP       ENERGY          RMS            GMAX         NAME    NUMBER
    100      -5.2492E+04     9.1022E-02     5.1828E+00     C         146

 BOND    =     4366.1771  ANGLE   =       17.8515  DIHED      =       94.3488
 VDWAALS =    12556.2777  EEL     =   -70100.0297  HBOND      =        0.0000
 1-4 VDW =       28.7518  1-4 EEL =      544.3111  RESTRAINT  =        0.0000


   NSTEP       ENERGY          RMS            GMAX         NAME    NUMBER
    200      -5.2511E+04     1.0001E-01     3.3539E+00     CE3       136

 BOND    =     4369.9145  ANGLE   =       17.8784  DIHED      =       94.2745
 VDWAALS =    12569.3640  EEL     =   -70134.8904  HBOND      =        0.0000
 1-4 VDW =       28.6879  1-4 EEL =      543.9755  RESTRAINT  =        0.0000


   NSTEP       ENERGY          RMS            GMAX         NAME    NUMBER
    300      -5.2529E+04     8.6579E-02     2.2960E+00     CB         76

 BOND    =     4373.3080  ANGLE   =       17.7219  DIHED      =       94.2691
 VDWAALS =    12579.3010  EEL     =   -70166.1689  HBOND      =        0.0000
 1-4 VDW =       28.8556  1-4 EEL =      544.0876  RESTRAINT  =        0.0000


   NSTEP       ENERGY          RMS            GMAX         NAME    NUMBER
    400      -5.2544E+04     7.7248E-02     2.1102E+00     O        2680

 BOND    =     4377.5911  ANGLE   =       17.5356  DIHED      =       94.2750
 VDWAALS =    12594.1053  EEL     =   -70200.7004  HBOND      =        0.0000
 1-4 VDW =       28.9878  1-4 EEL =      544.5808  RESTRAINT  =        0.0000


   NSTEP       ENERGY          RMS            GMAX         NAME    NUMBER
    500      -5.2559E+04     8.3239E-02     3.9485E+00     C         146

 BOND    =     4379.0606  ANGLE   =       17.5457  DIHED      =       94.3094
 VDWAALS =    12608.8064  EEL     =   -70232.5523  HBOND      =        0.0000
 1-4 VDW =       29.0697  1-4 EEL =      544.9413  RESTRAINT  =        0.0000


   NSTEP       ENERGY          RMS            GMAX         NAME    NUMBER
    600      -5.2572E+04     8.7164E-02     2.8305E+00     CZ         22

 BOND    =     4381.0051  ANGLE   =       17.4650  DIHED      =       94.3449
 VDWAALS =    12620.2434  EEL     =   -70259.1598  HBOND      =        0.0000
 1-4 VDW =       29.0885  1-4 EEL =      545.1321  RESTRAINT  =        0.0000


   NSTEP       ENERGY          RMS            GMAX         NAME    NUMBER
    700      -5.2583E+04     7.4692E-02     2.4704E+00     N          31

 BOND    =     4381.6712  ANGLE   =       17.4031  DIHED      =       94.4331
 VDWAALS =    12626.3851  EEL     =   -70276.8054  HBOND      =        0.0000
 1-4 VDW =       29.0725  1-4 EEL =      545.1466  RESTRAINT  =        0.0000


   NSTEP       ENERGY          RMS            GMAX         NAME    NUMBER
    800      -5.2595E+04     8.5095E-02     2.7327E+00     CD         67

 BOND    =     4382.5008  ANGLE   =       17.5303  DIHED      =       94.3952
 VDWAALS =    12633.2924  EEL     =   -70296.5820  HBOND      =        0.0000
 1-4 VDW =       28.9771  1-4 EEL =      545.3183  RESTRAINT  =        0.0000


   NSTEP       ENERGY          RMS            GMAX         NAME    NUMBER
    900      -5.2607E+04     2.4234E-01     1.0587E+01     CD         67

 BOND    =     4393.3369  ANGLE   =       17.4224  DIHED      =       94.4660
 VDWAALS =    12646.6609  EEL     =   -70333.6685  HBOND      =        0.0000
 1-4 VDW =       29.0114  1-4 EEL =      545.3014  RESTRAINT  =        0.0000


   NSTEP       ENERGY          RMS            GMAX         NAME    NUMBER
   1000      -5.2617E+04     6.5089E-02     1.8228E+00     C         146

 BOND    =     4389.1795  ANGLE   =       17.4495  DIHED      =       94.5008
 VDWAALS =    12658.6784  EEL     =   -70351.1776  HBOND      =        0.0000
 1-4 VDW =       29.0017  1-4 EEL =      545.4360  RESTRAINT  =        0.0000


   NSTEP       ENERGY          RMS            GMAX         NAME    NUMBER
   1100      -5.2626E+04     5.8754E-02     2.0340E+00     C          29

 BOND    =     4390.3854  ANGLE   =       17.4480  DIHED      =       94.5177
 VDWAALS =    12671.0513  EEL     =   -70373.4652  HBOND      =        0.0000
 1-4 VDW =       28.9992  1-4 EEL =      545.5232  RESTRAINT  =        0.0000


   NSTEP       ENERGY          RMS            GMAX         NAME    NUMBER
   1200      -5.2640E+04     9.6315E-02     6.1626E+00     CD         67

 BOND    =     4392.9948  ANGLE   =       17.5036  DIHED      =       94.6083
 VDWAALS =    12688.9432  EEL     =   -70408.4661  HBOND      =        0.0000
 1-4 VDW =       28.9793  1-4 EEL =      545.5934  RESTRAINT  =        0.0000


   NSTEP       ENERGY          RMS            GMAX         NAME    NUMBER
   1300      -5.2650E+04     4.5586E-02     1.8578E+00     CD         67

 BOND    =     4394.9543  ANGLE   =       17.4632  DIHED      =       94.6351
 VDWAALS =    12698.8434  EEL     =   -70430.2819  HBOND      =        0.0000
 1-4 VDW =       28.9675  1-4 EEL =      545.5926  RESTRAINT  =        0.0000


   NSTEP       ENERGY          RMS            GMAX         NAME    NUMBER
   1400      -5.2665E+04     9.1739E-02     6.3162E+00     CD         67

 BOND    =     4401.3495  ANGLE   =       17.4562  DIHED      =       94.7235
 VDWAALS =    12712.7496  EEL     =   -70465.9232  HBOND      =        0.0000
 1-4 VDW =       28.9698  1-4 EEL =      545.5039  RESTRAINT  =        0.0000


   NSTEP       ENERGY          RMS            GMAX         NAME    NUMBER
   1500      -5.2677E+04     1.0585E-01     2.8848E+00     C         146

 BOND    =     4404.3696  ANGLE   =       17.4577  DIHED      =       94.7212
 VDWAALS =    12724.2327  EEL     =   -70491.8403  HBOND      =        0.0000
 1-4 VDW =       28.9537  1-4 EEL =      545.5029  RESTRAINT  =        0.0000


   NSTEP       ENERGY          RMS            GMAX         NAME    NUMBER
   1600      -5.2684E+04     7.0279E-02     2.4201E+00     O        2680

 BOND    =     4406.9966  ANGLE   =       17.4176  DIHED      =       94.7164
 VDWAALS =    12734.5764  EEL     =   -70512.5524  HBOND      =        0.0000
 1-4 VDW =       28.9351  1-4 EEL =      545.4755  RESTRAINT  =        0.0000


   NSTEP       ENERGY          RMS            GMAX         NAME    NUMBER
   1700      -5.2693E+04     3.9827E-02     1.4179E+00     CA         12

 BOND    =     4403.7108  ANGLE   =       17.3165  DIHED      =       94.6756
 VDWAALS =    12744.9172  EEL     =   -70527.4369  HBOND      =        0.0000
 1-4 VDW =       28.9074  1-4 EEL =      545.3957  RESTRAINT  =        0.0000


   NSTEP       ENERGY          RMS            GMAX         NAME    NUMBER
   1800      -5.2703E+04     5.3117E-02     2.5353E+00     C         146

 BOND    =     4407.8023  ANGLE   =       17.2616  DIHED      =       94.6990
 VDWAALS =    12765.7116  EEL     =   -70562.7673  HBOND      =        0.0000
 1-4 VDW =       28.9014  1-4 EEL =      545.2176  RESTRAINT  =        0.0000


   NSTEP       ENERGY          RMS            GMAX         NAME    NUMBER
   1900      -5.2714E+04     5.9290E-02     2.8379E+00     H1      12056

 BOND    =     4409.2075  ANGLE   =       17.2874  DIHED      =       94.7348
 VDWAALS =    12773.7852  EEL     =   -70582.8025  HBOND      =        0.0000
 1-4 VDW =       28.8968  1-4 EEL =      545.1077  RESTRAINT  =        0.0000


   NSTEP       ENERGY          RMS            GMAX         NAME    NUMBER
   2000      -5.2722E+04     9.2866E-02     4.0749E+00     CD         67

 BOND    =     4410.2098  ANGLE   =       17.3317  DIHED      =       94.7819
 VDWAALS =    12783.6175  EEL     =   -70601.7502  HBOND      =        0.0000
 1-4 VDW =       28.9344  1-4 EEL =      544.9660  RESTRAINT  =        0.0000


   NSTEP       ENERGY          RMS            GMAX         NAME    NUMBER
   2100      -5.2727E+04     1.6940E-01     7.5436E+00     C         146

 BOND    =     4410.4614  ANGLE   =       17.3235  DIHED      =       94.8513
 VDWAALS =    12793.8658  EEL     =   -70617.2983  HBOND      =        0.0000
 1-4 VDW =       28.9164  1-4 EEL =      544.8765  RESTRAINT  =        0.0000


   NSTEP       ENERGY          RMS            GMAX         NAME    NUMBER
   2200      -5.2730E+04     4.4113E-02     2.3101E+00     O        2650

 BOND    =     4415.3452  ANGLE   =       17.3166  DIHED      =       94.7374
 VDWAALS =    12798.0653  EEL     =   -70628.9569  HBOND      =        0.0000
 1-4 VDW =       28.7709  1-4 EEL =      544.8506  RESTRAINT  =        0.0000


   NSTEP       ENERGY          RMS            GMAX         NAME    NUMBER
   2300      -5.2744E+04     5.2435E-02     2.2598E+00     C          29

 BOND    =     4417.7094  ANGLE   =       17.4662  DIHED      =       94.8574
 VDWAALS =    12819.6476  EEL     =   -70666.9527  HBOND      =        0.0000
 1-4 VDW =       28.7244  1-4 EEL =      544.2687  RESTRAINT  =        0.0000


   NSTEP       ENERGY          RMS            GMAX         NAME    NUMBER
   2400      -5.2749E+04     4.8546E-02     3.2461E+00     H1       2651

 BOND    =     4418.2138  ANGLE   =       17.6101  DIHED      =       94.8939
 VDWAALS =    12823.4027  EEL     =   -70675.9576  HBOND      =        0.0000
 1-4 VDW =       28.6030  1-4 EEL =      544.0010  RESTRAINT  =        0.0000


   NSTEP       ENERGY          RMS            GMAX         NAME    NUMBER
   2500      -5.2757E+04     1.2325E-01     5.6410E+00     H2       2328

 BOND    =     4420.5737  ANGLE   =       17.2396  DIHED      =       95.1043
 VDWAALS =    12832.2570  EEL     =   -70694.3787  HBOND      =        0.0000
 1-4 VDW =       28.6549  1-4 EEL =      543.4289  RESTRAINT  =        0.0000


   NSTEP       ENERGY          RMS            GMAX         NAME    NUMBER
   2600      -5.2764E+04     1.8116E-01     8.4170E+00     C         146

 BOND    =     4422.6233  ANGLE   =       17.4646  DIHED      =       95.2023
 VDWAALS =    12836.5314  EEL     =   -70707.7631  HBOND      =        0.0000
 1-4 VDW =       28.6956  1-4 EEL =      543.5339  RESTRAINT  =        0.0000


   NSTEP       ENERGY          RMS            GMAX         NAME    NUMBER
   2700      -5.2772E+04     1.3235E-01     4.3464E+00     N          31

 BOND    =     4422.1551  ANGLE   =       17.3048  DIHED      =       95.1158
 VDWAALS =    12842.1932  EEL     =   -70721.0254  HBOND      =        0.0000
 1-4 VDW =       28.5348  1-4 EEL =      543.4163  RESTRAINT  =        0.0000


   NSTEP       ENERGY          RMS            GMAX         NAME    NUMBER
   2800      -5.2777E+04     8.8645E-02     3.7512E+00     CA          5

 BOND    =     4423.0455  ANGLE   =       17.3924  DIHED      =       95.1636
 VDWAALS =    12846.6546  EEL     =   -70731.2900  HBOND      =        0.0000
 1-4 VDW =       28.5529  1-4 EEL =      543.5286  RESTRAINT  =        0.0000


   NSTEP       ENERGY          RMS            GMAX         NAME    NUMBER
   2900      -5.2781E+04     6.3724E-02     1.9103E+00     O        2674

 BOND    =     4423.6731  ANGLE   =       17.3207  DIHED      =       95.2324
 VDWAALS =    12849.9980  EEL     =   -70738.5713  HBOND      =        0.0000
 1-4 VDW =       28.4740  1-4 EEL =      543.3185  RESTRAINT  =        0.0000


   NSTEP       ENERGY          RMS            GMAX         NAME    NUMBER
   3000      -5.2787E+04     1.4404E-01     5.9952E+00     O        2674

 BOND    =     4425.0699  ANGLE   =       17.3987  DIHED      =       95.4172
 VDWAALS =    12856.8546  EEL     =   -70753.6414  HBOND      =        0.0000
 1-4 VDW =       28.5170  1-4 EEL =      543.3893  RESTRAINT  =        0.0000


   NSTEP       ENERGY          RMS            GMAX         NAME    NUMBER
   3100      -5.2790E+04     4.7230E-02     1.5665E+00     C         146

 BOND    =     4425.4498  ANGLE   =       17.3544  DIHED      =       95.3149
 VDWAALS =    12860.3387  EEL     =   -70760.0020  HBOND      =        0.0000
 1-4 VDW =       28.4590  1-4 EEL =      543.3555  RESTRAINT  =        0.0000


   NSTEP       ENERGY          RMS            GMAX         NAME    NUMBER
   3200      -5.2793E+04     2.6208E-02     1.2002E+00     H2       2352

 BOND    =     4426.4104  ANGLE   =       17.2897  DIHED      =       95.3839
 VDWAALS =    12865.2013  EEL     =   -70768.8398  HBOND      =        0.0000
 1-4 VDW =       28.4949  1-4 EEL =      543.3615  RESTRAINT  =        0.0000


   NSTEP       ENERGY          RMS            GMAX         NAME    NUMBER
   3300      -5.2796E+04     2.0842E-02     1.2266E+00     O        9289

 BOND    =     4427.5146  ANGLE   =       17.2836  DIHED      =       95.4611
 VDWAALS =    12872.8192  EEL     =   -70780.8540  HBOND      =        0.0000
 1-4 VDW =       28.4802  1-4 EEL =      543.3807  RESTRAINT  =        0.0000


   NSTEP       ENERGY          RMS            GMAX         NAME    NUMBER
   3400      -5.2803E+04     5.2000E-02     2.4235E+00     CB         35

 BOND    =     4430.6809  ANGLE   =       17.2021  DIHED      =       95.6885
 VDWAALS =    12895.7222  EEL     =   -70813.9567  HBOND      =        0.0000
 1-4 VDW =       28.5018  1-4 EEL =      543.5208  RESTRAINT  =        0.0000


   NSTEP       ENERGY          RMS            GMAX         NAME    NUMBER
   3500      -5.2808E+04     4.7579E-02     1.6934E+00     H1       8498

 BOND    =     4431.8867  ANGLE   =       17.2191  DIHED      =       95.7364
 VDWAALS =    12900.6289  EEL     =   -70825.2563  HBOND      =        0.0000
 1-4 VDW =       28.5474  1-4 EEL =      543.4895  RESTRAINT  =        0.0000


   NSTEP       ENERGY          RMS            GMAX         NAME    NUMBER
   3600      -5.2812E+04     3.6768E-02     1.5635E+00     C         146

 BOND    =     4433.0461  ANGLE   =       17.2287  DIHED      =       95.7817
 VDWAALS =    12904.9484  EEL     =   -70834.6408  HBOND      =        0.0000
 1-4 VDW =       28.5344  1-4 EEL =      543.5491  RESTRAINT  =        0.0000


   NSTEP       ENERGY          RMS            GMAX         NAME    NUMBER
   3700      -5.2816E+04     4.6250E-02     1.8623E+00     H2       8310

 BOND    =     4434.5542  ANGLE   =       17.2905  DIHED      =       95.8588
 VDWAALS =    12914.2192  EEL     =   -70850.0206  HBOND      =        0.0000
 1-4 VDW =       28.5389  1-4 EEL =      543.5058  RESTRAINT  =        0.0000


   NSTEP       ENERGY          RMS            GMAX         NAME    NUMBER
   3800      -5.2820E+04     3.6873E-02     1.1258E+00     H3          4

 BOND    =     4434.9992  ANGLE   =       17.2468  DIHED      =       95.9400
 VDWAALS =    12920.2901  EEL     =   -70860.2939  HBOND      =        0.0000
 1-4 VDW =       28.5827  1-4 EEL =      543.5393  RESTRAINT  =        0.0000


   NSTEP       ENERGY          RMS            GMAX         NAME    NUMBER
   3900      -5.2824E+04     4.8770E-02     1.4053E+00     N          10

 BOND    =     4436.9735  ANGLE   =       17.2041  DIHED      =       95.9502
 VDWAALS =    12925.4983  EEL     =   -70871.3523  HBOND      =        0.0000
 1-4 VDW =       28.5615  1-4 EEL =      543.6087  RESTRAINT  =        0.0000


   NSTEP       ENERGY          RMS            GMAX         NAME    NUMBER
   4000      -5.2827E+04     4.3837E-02     1.9226E+00     CG         38

 BOND    =     4436.8767  ANGLE   =       17.3225  DIHED      =       96.0085
 VDWAALS =    12928.9401  EEL     =   -70878.3128  HBOND      =        0.0000
 1-4 VDW =       28.5773  1-4 EEL =      543.5995  RESTRAINT  =        0.0000


   NSTEP       ENERGY          RMS            GMAX         NAME    NUMBER
   4100      -5.2829E+04     2.5478E-02     8.8817E-01     CA         12

 BOND    =     4438.2455  ANGLE   =       17.1843  DIHED      =       96.0170
 VDWAALS =    12931.5366  EEL     =   -70883.8480  HBOND      =        0.0000
 1-4 VDW =       28.5586  1-4 EEL =      543.6966  RESTRAINT  =        0.0000


   NSTEP       ENERGY          RMS            GMAX         NAME    NUMBER
   4200      -5.2831E+04     1.4857E-01     6.8946E+00     O       10459

 BOND    =     4438.6248  ANGLE   =       17.2911  DIHED      =       96.2036
 VDWAALS =    12940.4528  EEL     =   -70895.8506  HBOND      =        0.0000
 1-4 VDW =       28.5601  1-4 EEL =      543.6138  RESTRAINT  =        0.0000


   NSTEP       ENERGY          RMS            GMAX         NAME    NUMBER
   4300      -5.2833E+04     3.4141E-02     2.0195E+00     O       11134

 BOND    =     4440.0797  ANGLE   =       17.2570  DIHED      =       96.1542
 VDWAALS =    12945.4037  EEL     =   -70904.0570  HBOND      =        0.0000
 1-4 VDW =       28.5589  1-4 EEL =      543.7152  RESTRAINT  =        0.0000


   NSTEP       ENERGY          RMS            GMAX         NAME    NUMBER
   4400      -5.2833E+04     2.2684E-02     1.7645E+00     C         146

 BOND    =     4440.5203  ANGLE   =       17.2356  DIHED      =       96.1553
 VDWAALS =    12946.1600  EEL     =   -70905.4336  HBOND      =        0.0000
 1-4 VDW =       28.5828  1-4 EEL =      543.6711  RESTRAINT  =        0.0000


   NSTEP       ENERGY          RMS            GMAX         NAME    NUMBER
   4500      -5.2837E+04     3.8177E-02     3.0462E+00     O        9769

 BOND    =     4443.1297  ANGLE   =       17.2612  DIHED      =       96.2616
 VDWAALS =    12958.2612  EEL     =   -70924.1210  HBOND      =        0.0000
 1-4 VDW =       28.5549  1-4 EEL =      543.7473  RESTRAINT  =        0.0000


   NSTEP       ENERGY          RMS            GMAX         NAME    NUMBER
   4600      -5.2840E+04     2.4849E-02     9.5432E-01     CG         17

 BOND    =     4443.5556  ANGLE   =       17.2522  DIHED      =       96.2999
 VDWAALS =    12961.3257  EEL     =   -70930.4377  HBOND      =        0.0000
 1-4 VDW =       28.5570  1-4 EEL =      543.7693  RESTRAINT  =        0.0000


   NSTEP       ENERGY          RMS            GMAX         NAME    NUMBER
   4700      -5.2843E+04     2.1273E-02     1.0879E+00     H1       3086

 BOND    =     4444.5039  ANGLE   =       17.2418  DIHED      =       96.3469
 VDWAALS =    12964.3793  EEL     =   -70937.9182  HBOND      =        0.0000
 1-4 VDW =       28.5437  1-4 EEL =      543.7995  RESTRAINT  =        0.0000


   NSTEP       ENERGY          RMS            GMAX         NAME    NUMBER
   4800      -5.2846E+04     2.8429E-02     1.6498E+00     CG         38

 BOND    =     4445.1963  ANGLE   =       17.2898  DIHED      =       96.4030
 VDWAALS =    12969.5589  EEL     =   -70946.3598  HBOND      =        0.0000
 1-4 VDW =       28.5195  1-4 EEL =      543.7603  RESTRAINT  =        0.0000


   NSTEP       ENERGY          RMS            GMAX         NAME    NUMBER
   4900      -5.2847E+04     5.3786E-02     3.8596E+00     C         146

 BOND    =     4445.2228  ANGLE   =       17.3000  DIHED      =       96.4130
 VDWAALS =    12970.9558  EEL     =   -70948.7045  HBOND      =        0.0000
 1-4 VDW =       28.5282  1-4 EEL =      543.7552  RESTRAINT  =        0.0000


   NSTEP       ENERGY          RMS            GMAX         NAME    NUMBER
   5000      -5.2850E+04     1.6397E-01     1.3828E+01     C         146

 BOND    =     4446.4463  ANGLE   =       17.4384  DIHED      =       96.4677
 VDWAALS =    12975.9905  EEL     =   -70958.1288  HBOND      =        0.0000
 1-4 VDW =       28.4805  1-4 EEL =      543.6284  RESTRAINT  =        0.0000


  Maximum number of minimization cycles reached.


                    FINAL RESULTS



   NSTEP       ENERGY          RMS            GMAX         NAME    NUMBER
   5000      -5.2850E+04     1.6397E-01     1.3828E+01     C         146

 BOND    =     4446.4463  ANGLE   =       17.4384  DIHED      =       96.4677
 VDWAALS =    12975.9905  EEL     =   -70958.1288  HBOND      =        0.0000
 1-4 VDW =       28.4805  1-4 EEL =      543.6284  RESTRAINT  =        0.0000
--------------------------------------------------------------------------------
   5.  TIMINGS
--------------------------------------------------------------------------------

|  NonSetup CPU Time in Major Routines, Average for All Tasks:
|
|     Routine           Sec        %
|     ------------------------------
|     DataDistrib       6.22    5.73
|     Nonbond         101.50   93.48
|     Bond              0.28    0.25
|     Angle             0.02    0.02
|     Dihedral          0.23    0.21
|     Shake             0.00    0.00
|     Other             0.33    0.30
|     ------------------------------
|     Total           108.58

|  PME Nonbond Pairlist CPU Time, Average for All Tasks:
|
|     Routine              Sec        %
|     ---------------------------------
|     Set Up Cit           0.05    0.05
|     Build List           2.44    2.25
|     ---------------------------------
|     Total                2.49    2.30

|  PME Direct Force CPU Time, Average for All Tasks:
|
|     Routine              Sec        %
|     ---------------------------------
|     NonBonded Calc      80.66   74.28
|     Exclude Masked       0.60    0.55
|     Other                0.78    0.72
|     ---------------------------------
|     Total               82.04   75.55

|  PME Reciprocal Force CPU Time, Average for All Tasks:
|
|     Routine              Sec        %
|     ---------------------------------
|     1D bspline           1.17    1.08
|     Grid Charges         1.66    1.53
|     Scalar Sum           2.00    1.84
|     Gradient Sum         2.12    1.96
|     FFT                  9.82    9.04
|     ---------------------------------
|     Total               16.77   15.45

|  PME Load Balancing CPU Time, Average for All Tasks:
|
|     Routine                 Sec        %
|     ------------------------------------
|     Atom Reassign           0.00    0.00
|     Image Reassign          0.00    0.00
|     FFT Reassign            0.00    0.00
|     ------------------------------------
|     Total                   0.00    0.00

|  Master Setup CPU time:            0.08 seconds
|  Master NonSetup CPU time:       108.58 seconds
|  Master Total CPU time:          108.66 seconds     0.03 hours

|  Master Setup wall time:           0    seconds
|  Master NonSetup wall time:      109    seconds
|  Master Total wall time:         109    seconds     0.03 hours
