
CPPTRAJ: Trajectory Analysis. V4.25.6 (AmberTools V20.15) MPI
    ___  ___  ___  ___
     | \/ | \/ | \/ | 
    _|_/\_|_/\_|_/\_|_

| Running on 1 processes.
| Date/time: 05/28/24 11:38:01
| Available memory: 449.360 GB

	Reading '/home/cmm18/BQ/amber/analysis/chignolin.top' as Amber Topology
	Radius Set: modified Bondi radii (mbondi)
INPUT: Reading input from 'STDIN'
  [trajin /home/cmm18/BQ/amber/analysis/chignolin_1_dyn.nc 1 last 1]
	Reading '/home/cmm18/BQ/amber/analysis/chignolin_1_dyn.nc' as Amber NetCDF
  [trajin /home/cmm18/BQ/amber/analysis/chignolin_2_dyn.nc 1 last 1]
	Reading '/home/cmm18/BQ/amber/analysis/chignolin_2_dyn.nc' as Amber NetCDF
  [autoimage]
    AUTOIMAGE: To box center based on center of mass, anchor is first molecule.
  [strip :WAT,Na+,Cl- outprefix NoWat]
    STRIP: Stripping atoms in mask [:WAT,Na+,Cl-]
	Stripped topology will be output with prefix 'NoWat'
  [rmsd first out chignolin_fullrmsd.dat :1-10@CA]
    RMSD: (:1-10@CA), reference is first frame (:1-10@CA).
	Best-fit RMSD will be calculated, coords will be rotated and translated.
  [trajout chignolin_1_NoWat_RMSD_dyn.nc]
	Writing 'chignolin_1_NoWat_RMSD_dyn.nc' as Amber NetCDF
  [go]
---------- RUN BEGIN -------------------------------------------------

PARAMETER FILES (1 total):
 0: chignolin.top, 12605 atoms, 4167 res, box: Orthogonal, 4158 mol, 4155 solvent

INPUT TRAJECTORIES (2 total):
 0: 'chignolin_1_dyn.nc' is a NetCDF AMBER trajectory with coordinates, time, box, Parm chignolin.top (Orthogonal box) (reading 100 of 100)
 1: 'chignolin_2_dyn.nc' is a NetCDF AMBER trajectory with coordinates, time, box, Parm chignolin.top (Orthogonal box) (reading 100 of 100)
  Coordinate processing will occur on 200 frames.

OUTPUT TRAJECTORIES (1 total):
  'chignolin_1_NoWat_RMSD_dyn.nc' (200 frames) is a NetCDF AMBER trajectory

PARALLEL INFO:
  Process 0 will handle 200 frames.
.....................................................
ACTION SETUP FOR PARM 'chignolin.top' (3 actions):
  0: [autoimage]
	Using first molecule as anchor.
	4157 molecules are mobile.
  1: [strip :WAT,Na+,Cl- outprefix NoWat]
	Stripping 12467 atoms.
	Stripped topology: 138 atoms, 10 res, box: Orthogonal, 1 mol
	Writing topology 0 (chignolin.top) to 'NoWat.chignolin.top' with format Amber Topology
  2: [rmsd first out chignolin_fullrmsd.dat :1-10@CA]
	Target mask: [:1-10@CA](10)
	Reference mask: [:1-10@CA](10)
Warning: Coordinates are being rotated and box coordinates are present.
Warning: Unit cell vectors are NOT rotated; imaging will not be possible
Warning:  after the RMS-fit is performed.
.....................................................
ACTIVE OUTPUT TRAJECTORIES (1):
  chignolin_1_NoWat_RMSD_dyn.nc (coordinates, time, box)

BEGIN PARALLEL TRAJECTORY PROCESSING:
 0% 10% 20% 30% 40% 50% 60% 70% 80% 90% 100% Complete.
TIME: Rank 0 throughput= 1009.0868 frames / second.
TIME: Avg. throughput= 1009.0665 frames / second.

ACTION OUTPUT:
TIME: Analyses took 0.0000 seconds.

DATASETS (1 total):
	RMSD_00001 "RMSD_00001" (double, rms), size is 200 (1.600 kB)
    Total data set memory usage is at least 1.600 kB

DATAFILES (1 total):
  chignolin_fullrmsd.dat (Standard Data File):  RMSD_00001

RUN TIMING:
TIME:		Init               : 0.0048 s (  2.35%)
TIME:		Trajectory Process : 0.1982 s ( 97.12%)
TIME:		Data Set Sync      : 0.0000 s (  0.00%)
TIME:		Action Post        : 0.0000 s (  0.00%)
TIME:		Analysis           : 0.0000 s (  0.00%)
TIME:		Data File Write    : 0.0003 s (  0.15%)
TIME:		Other              : 0.0008 s (  0.00%)
TIME:	Run Total 0.2041 s
---------- RUN END ---------------------------------------------------
TIME: Total execution time: 0.2261 seconds.
--------------------------------------------------------------------------------
To cite CPPTRAJ use:
Daniel R. Roe and Thomas E. Cheatham, III, "PTRAJ and CPPTRAJ: Software for
  Processing and Analysis of Molecular Dynamics Trajectory Data". J. Chem.
  Theory Comput., 2013, 9 (7), pp 3084-3095.
Daniel R. Roe and Thomas E. Cheatham, III, "Parallelization of CPPTRAJ enables
  large scale analysis of molecular dynamics trajectory data". J. Comp.
  Chem., 2018, DOI: 10.1002/jcc25382.

