Warning: no access to tty (Bad file descriptor).
Thus no job control in this shell.
 SGE_O_WORKDIR : /home/cmm18/BQ/amber/leap
nslots  : 1 
TMP DIR   : /scratch/149496.1.iqtc07.q
AMBERHOME   : /aplic/amber/amber20_gcc/ 
/scratch/149496.1.iqtc07.q
-I: Adding /aplic/amber/amber20_gcc/dat/leap/prep to search path.
-I: Adding /aplic/amber/amber20_gcc/dat/leap/lib to search path.
-I: Adding /aplic/amber/amber20_gcc/dat/leap/parm to search path.
-I: Adding /aplic/amber/amber20_gcc/dat/leap/cmd to search path.
-f: Source leap.inp.

Welcome to LEaP!
(no leaprc in search path)
Sourcing: ./leap.inp
----- Source: /aplic/amber/amber20_gcc/dat/leap/cmd/leaprc.protein.ff14SB
----- Source of /aplic/amber/amber20_gcc/dat/leap/cmd/leaprc.protein.ff14SB done
Log file: ./leap.log
Loading parameters: /aplic/amber/amber20_gcc/dat/leap/parm/parm10.dat
Reading title:
PARM99 + frcmod.ff99SB + frcmod.parmbsc0 + OL3 for RNA
Loading parameters: /aplic/amber/amber20_gcc/dat/leap/parm/frcmod.ff14SB
Reading force field modification type file (frcmod)
Reading title:
ff14SB protein backbone and sidechain parameters
Loading library: /aplic/amber/amber20_gcc/dat/leap/lib/amino12.lib
Loading library: /aplic/amber/amber20_gcc/dat/leap/lib/aminoct12.lib
Loading library: /aplic/amber/amber20_gcc/dat/leap/lib/aminont12.lib
----- Source: /aplic/amber/amber20_gcc/dat/leap/cmd/leaprc.water.tip3p
----- Source of /aplic/amber/amber20_gcc/dat/leap/cmd/leaprc.water.tip3p done
Loading library: /aplic/amber/amber20_gcc/dat/leap/lib/atomic_ions.lib
Loading library: /aplic/amber/amber20_gcc/dat/leap/lib/solvents.lib
Loading parameters: /aplic/amber/amber20_gcc/dat/leap/parm/frcmod.tip3p
Reading force field modification type file (frcmod)
Reading title:
This is the additional/replacement parameter set for TIP3P water
Loading parameters: /aplic/amber/amber20_gcc/dat/leap/parm/frcmod.ions1lm_126_tip3p
Reading force field modification type file (frcmod)
Reading title:
Li/Merz ion parameters of monovalent ions for TIP3P water model (12-6 normal usage set)
Loading parameters: /aplic/amber/amber20_gcc/dat/leap/parm/frcmod.ionsjc_tip3p
Reading force field modification type file (frcmod)
Reading title:
Monovalent ion parameters for Ewald and TIP3P water from Joung & Cheatham JPCB (2008)
Loading parameters: /aplic/amber/amber20_gcc/dat/leap/parm/frcmod.ions234lm_126_tip3p
Reading force field modification type file (frcmod)
Reading title:
Li/Merz ion parameters of divalent to tetravalent ions for TIP3P water model (12-6 normal usage set)
----- Source: /aplic/amber/amber20_gcc/dat/leap/cmd/leaprc.gaff
----- Source of /aplic/amber/amber20_gcc/dat/leap/cmd/leaprc.gaff done
Log file: ./leap.log
Loading parameters: /aplic/amber/amber20_gcc/dat/leap/parm/gaff.dat
Reading title:
AMBER General Force Field for organic molecules (Version 1.81, May 2017)
Loading parameters: /aplic/amber/amber20_gcc/dat/leap/parm/frcmod.ionsjc_tip3p
Reading force field modification type file (frcmod)
Reading title:
Monovalent ion parameters for Ewald and TIP3P water from Joung & Cheatham JPCB (2008)
  Solute vdw bounding box:              34.259 14.932 20.745
  Total bounding box for atom centers:  64.259 44.932 50.745
  Solvent unit box:                     18.774 18.774 18.774
  Total vdw box size:                   67.185 47.921 53.728 angstroms.
  Volume: 172983.797 A^3 
  Total mass 76040.664 amu,  Density 0.730 g/cc
  Added 4160 residues.
2 Na+ ions required to neutralize.
Adding 2 counter ions to "peptide" using 1A grid
Grid extends from solute vdw + 1.37  to  7.28
Resolution:      1.00 Angstrom.
Solvent present: replacing closest with ion
	 when steric overlaps occur
Calculating grid charges
(No solvent overlap)
Placed Na+ in peptide at (-3.86, -3.73, -3.96).
(No solvent overlap)
Placed Na+ in peptide at (16.14, -4.73, 9.04).

Done adding ions.
 0.000000 0 1 0
0 Cl- ion required to neutralize.
Adding 0 counter ions to "peptide" using 1A grid
Checking 'peptide'....

/aplic/amber/amber20_gcc/bin/teLeap: Warning!
Close contact of 0.816082 angstroms between .R<TYR 2>.A<HD2 19> and .R<ASP 3>.A<H 2>

/aplic/amber/amber20_gcc/bin/teLeap: Warning!
Close contact of 1.368508 angstroms between .R<TYR 2>.A<HD2 19> and .R<ASP 3>.A<N 1>

/aplic/amber/amber20_gcc/bin/teLeap: Warning!
Close contact of 0.850645 angstroms between .R<TYR 2>.A<CD2 18> and .R<ASP 3>.A<H 2>

/aplic/amber/amber20_gcc/bin/teLeap: Warning!
Close contact of 1.383199 angstroms between .R<TYR 2>.A<HE2 17> and .R<ASP 3>.A<O 12>

/aplic/amber/amber20_gcc/bin/teLeap: Warning!
Close contact of 0.806990 angstroms between .R<ASP 3>.A<OD2 10> and .R<PRO 4>.A<HD2 3>

/aplic/amber/amber20_gcc/bin/teLeap: Warning!
Close contact of 1.056048 angstroms between .R<ASP 3>.A<CG 8> and .R<PRO 4>.A<HD2 3>

/aplic/amber/amber20_gcc/bin/teLeap: Warning!
Close contact of 1.408840 angstroms between .R<GLU 5>.A<O 15> and .R<THR 6>.A<HG21 8>

/aplic/amber/amber20_gcc/bin/teLeap: Warning!
Close contact of 1.247711 angstroms between .R<GLU 5>.A<HG2 9> and .R<THR 6>.A<H 2>

/aplic/amber/amber20_gcc/bin/teLeap: Warning!
Close contact of 1.408840 angstroms between .R<ALA 7>.A<O 10> and .R<THR 8>.A<HG21 8>

/aplic/amber/amber20_gcc/bin/teLeap: Warning!
Close contact of 1.169169 angstroms between .R<TRP 9>.A<CD2 22> and .R<CGLY 10>.A<H 2>

/aplic/amber/amber20_gcc/bin/teLeap: Warning!
Close contact of 1.362023 angstroms between .R<TRP 9>.A<HE3 21> and .R<CGLY 10>.A<H 2>

/aplic/amber/amber20_gcc/bin/teLeap: Warning!
Close contact of 1.462887 angstroms between .R<TRP 9>.A<HE3 21> and .R<CGLY 10>.A<N 1>

/aplic/amber/amber20_gcc/bin/teLeap: Warning!
Close contact of 0.883177 angstroms between .R<TRP 9>.A<CE3 20> and .R<CGLY 10>.A<H 2>
Checking parameters for unit 'peptide'.
Checking for bond parameters.
Checking for angle parameters.
check:  Warnings: 13
Unit is OK.
Checking Unit.
Building topology.
Building atom parameters.
Building bond parameters.
Building angle parameters.
Building proper torsion parameters.
Building improper torsion parameters.
 total 36 improper torsions applied
Building H-Bond parameters.
Incorporating Non-Bonded adjustments.
Not Marking per-residue atom chain types.
Marking per-residue atom chain types.
  (Residues lacking connect0/connect1 - 
   these don't have chain types marked:

	res	total affected

	CGLY	1
	NGLY	1
	WAT	4160
  )
 (no restraints)
Writing pdb file: chignolin_leap.pdb
   printing CRYST1 record to PDB file with box info

/aplic/amber/amber20_gcc/bin/teLeap: Warning!
 Converting N-terminal residue name to PDB format: NGLY -> GLY

/aplic/amber/amber20_gcc/bin/teLeap: Warning!
 Converting C-terminal residue name to PDB format: CGLY -> GLY
	Quit

Exiting LEaP: Errors = 0; Warnings = 15; Notes = 0.
Warning: no access to tty (Bad file descriptor).
Thus no job control in this shell.
 SGE_O_WORKDIR : /home/cmm18/BQ/amber/leap
nslots  : 1 
TMP DIR   : /scratch/149497.1.iqtc07.q
AMBERHOME   : /aplic/amber/amber20_gcc/ 
/scratch/149497.1.iqtc07.q
-I: Adding /aplic/amber/amber20_gcc/dat/leap/prep to search path.
-I: Adding /aplic/amber/amber20_gcc/dat/leap/lib to search path.
-I: Adding /aplic/amber/amber20_gcc/dat/leap/parm to search path.
-I: Adding /aplic/amber/amber20_gcc/dat/leap/cmd to search path.
-f: Source leap.inp.

Welcome to LEaP!
(no leaprc in search path)
Sourcing: ./leap.inp
----- Source: /aplic/amber/amber20_gcc/dat/leap/cmd/leaprc.protein.ff14SB
----- Source of /aplic/amber/amber20_gcc/dat/leap/cmd/leaprc.protein.ff14SB done
Log file: ./leap.log
Loading parameters: /aplic/amber/amber20_gcc/dat/leap/parm/parm10.dat
Reading title:
PARM99 + frcmod.ff99SB + frcmod.parmbsc0 + OL3 for RNA
Loading parameters: /aplic/amber/amber20_gcc/dat/leap/parm/frcmod.ff14SB
Reading force field modification type file (frcmod)
Reading title:
ff14SB protein backbone and sidechain parameters
Loading library: /aplic/amber/amber20_gcc/dat/leap/lib/amino12.lib
Loading library: /aplic/amber/amber20_gcc/dat/leap/lib/aminoct12.lib
Loading library: /aplic/amber/amber20_gcc/dat/leap/lib/aminont12.lib
----- Source: /aplic/amber/amber20_gcc/dat/leap/cmd/leaprc.water.tip3p
----- Source of /aplic/amber/amber20_gcc/dat/leap/cmd/leaprc.water.tip3p done
Loading library: /aplic/amber/amber20_gcc/dat/leap/lib/atomic_ions.lib
Loading library: /aplic/amber/amber20_gcc/dat/leap/lib/solvents.lib
Loading parameters: /aplic/amber/amber20_gcc/dat/leap/parm/frcmod.tip3p
Reading force field modification type file (frcmod)
Reading title:
This is the additional/replacement parameter set for TIP3P water
Loading parameters: /aplic/amber/amber20_gcc/dat/leap/parm/frcmod.ions1lm_126_tip3p
Reading force field modification type file (frcmod)
Reading title:
Li/Merz ion parameters of monovalent ions for TIP3P water model (12-6 normal usage set)
Loading parameters: /aplic/amber/amber20_gcc/dat/leap/parm/frcmod.ionsjc_tip3p
Reading force field modification type file (frcmod)
Reading title:
Monovalent ion parameters for Ewald and TIP3P water from Joung & Cheatham JPCB (2008)
Loading parameters: /aplic/amber/amber20_gcc/dat/leap/parm/frcmod.ions234lm_126_tip3p
Reading force field modification type file (frcmod)
Reading title:
Li/Merz ion parameters of divalent to tetravalent ions for TIP3P water model (12-6 normal usage set)
----- Source: /aplic/amber/amber20_gcc/dat/leap/cmd/leaprc.gaff
----- Source of /aplic/amber/amber20_gcc/dat/leap/cmd/leaprc.gaff done
Log file: ./leap.log
Loading parameters: /aplic/amber/amber20_gcc/dat/leap/parm/gaff.dat
Reading title:
AMBER General Force Field for organic molecules (Version 1.81, May 2017)
Loading parameters: /aplic/amber/amber20_gcc/dat/leap/parm/frcmod.ionsjc_tip3p
Reading force field modification type file (frcmod)
Reading title:
Monovalent ion parameters for Ewald and TIP3P water from Joung & Cheatham JPCB (2008)
  Solute vdw bounding box:              34.259 14.932 20.745
  Total bounding box for atom centers:  64.259 44.932 50.745
  Solvent unit box:                     18.774 18.774 18.774
  Total vdw box size:                   67.185 47.921 53.728 angstroms.
  Volume: 172983.797 A^3 
  Total mass 75938.632 amu,  Density 0.729 g/cc
  Added 4151 residues.
2 Na+ ions required to neutralize.
Adding 2 counter ions to "peptide" using 1A grid
Grid extends from solute vdw + 1.37  to  7.37
Resolution:      1.00 Angstrom.
Solvent present: replacing closest with ion
	 when steric overlaps occur
Calculating grid charges
(No solvent overlap)
Placed Na+ in peptide at (-5.95, 3.18, -1.05).
(No solvent overlap)
Placed Na+ in peptide at (-0.95, -4.82, -0.05).

Done adding ions.
 0.000000 0 1 0
0 Cl- ion required to neutralize.
Adding 0 counter ions to "peptide" using 1A grid
Checking 'peptide'....

/aplic/amber/amber20_gcc/bin/teLeap: Warning!
Close contact of 0.816082 angstroms between .R<TYR 2>.A<HD2 19> and .R<ASP 3>.A<H 2>

/aplic/amber/amber20_gcc/bin/teLeap: Warning!
Close contact of 1.368508 angstroms between .R<TYR 2>.A<HD2 19> and .R<ASP 3>.A<N 1>

/aplic/amber/amber20_gcc/bin/teLeap: Warning!
Close contact of 0.850645 angstroms between .R<TYR 2>.A<CD2 18> and .R<ASP 3>.A<H 2>

/aplic/amber/amber20_gcc/bin/teLeap: Warning!
Close contact of 1.383199 angstroms between .R<TYR 2>.A<HE2 17> and .R<ASP 3>.A<O 12>

/aplic/amber/amber20_gcc/bin/teLeap: Warning!
Close contact of 0.806990 angstroms between .R<ASP 3>.A<OD2 10> and .R<PRO 4>.A<HD2 3>

/aplic/amber/amber20_gcc/bin/teLeap: Warning!
Close contact of 1.056048 angstroms between .R<ASP 3>.A<CG 8> and .R<PRO 4>.A<HD2 3>

/aplic/amber/amber20_gcc/bin/teLeap: Warning!
Close contact of 1.408840 angstroms between .R<GLU 5>.A<O 15> and .R<THR 6>.A<HG21 8>

/aplic/amber/amber20_gcc/bin/teLeap: Warning!
Close contact of 1.247711 angstroms between .R<GLU 5>.A<HG2 9> and .R<THR 6>.A<H 2>

/aplic/amber/amber20_gcc/bin/teLeap: Warning!
Close contact of 1.408840 angstroms between .R<MET 7>.A<O 17> and .R<THR 8>.A<HG21 8>

/aplic/amber/amber20_gcc/bin/teLeap: Warning!
Close contact of 1.246713 angstroms between .R<MET 7>.A<HG2 9> and .R<THR 8>.A<H 2>

/aplic/amber/amber20_gcc/bin/teLeap: Warning!
Close contact of 1.169169 angstroms between .R<TRP 9>.A<CD2 22> and .R<CGLY 10>.A<H 2>

/aplic/amber/amber20_gcc/bin/teLeap: Warning!
Close contact of 1.362023 angstroms between .R<TRP 9>.A<HE3 21> and .R<CGLY 10>.A<H 2>

/aplic/amber/amber20_gcc/bin/teLeap: Warning!
Close contact of 1.462887 angstroms between .R<TRP 9>.A<HE3 21> and .R<CGLY 10>.A<N 1>

/aplic/amber/amber20_gcc/bin/teLeap: Warning!
Close contact of 0.883177 angstroms between .R<TRP 9>.A<CE3 20> and .R<CGLY 10>.A<H 2>
Checking parameters for unit 'peptide'.
Checking for bond parameters.
Checking for angle parameters.
check:  Warnings: 14
Unit is OK.
Checking Unit.
Building topology.
Building atom parameters.
Building bond parameters.
Building angle parameters.
Building proper torsion parameters.
Building improper torsion parameters.
 total 36 improper torsions applied
Building H-Bond parameters.
Incorporating Non-Bonded adjustments.
Not Marking per-residue atom chain types.
Marking per-residue atom chain types.
  (Residues lacking connect0/connect1 - 
   these don't have chain types marked:

	res	total affected

	CGLY	1
	NGLY	1
	WAT	4151
  )
 (no restraints)
Writing pdb file: chignolin_leap.pdb
   printing CRYST1 record to PDB file with box info

/aplic/amber/amber20_gcc/bin/teLeap: Warning!
 Converting N-terminal residue name to PDB format: NGLY -> GLY

/aplic/amber/amber20_gcc/bin/teLeap: Warning!
 Converting C-terminal residue name to PDB format: CGLY -> GLY
	Quit

Exiting LEaP: Errors = 0; Warnings = 16; Notes = 0.
